app/build/intermediates/manifest_merge_blame_file/release/processReleaseMainManifest/manifest-merger-blame-release-report.txt
1<?xml version="1.0" encoding="utf-8"?>
2<manifest xmlns:android="http://schemas.android.com/apk/res/android"
3    package="com.rahul.clearwalls"
4    android:versionCode="1"
5    android:versionName="1.0.0" >
6
7    <uses-sdk
8        android:minSdkVersion="26"
9        android:targetSdkVersion="35" />
10
11    <uses-permission android:name="android.permission.INTERNET" />
11-->src\main\AndroidManifest.xml:5:5-67
11-->src\main\AndroidManifest.xml:5:22-64
12    <uses-permission android:name="android.permission.ACCESS_NETWORK_STATE" />
12-->src\main\AndroidManifest.xml:6:5-79
12-->src\main\AndroidManifest.xml:6:22-76
13    <uses-permission android:name="android.permission.SET_WALLPAPER" />
13-->src\main\AndroidManifest.xml:7:5-72
13-->src\main\AndroidManifest.xml:7:22-69
14    <uses-permission
14-->src\main\AndroidManifest.xml:8:5-9:38
15        android:name="android.permission.WRITE_EXTERNAL_STORAGE"
15-->src\main\AndroidManifest.xml:8:22-78
16        android:maxSdkVersion="28" />
16-->src\main\AndroidManifest.xml:9:9-35
17    <uses-permission
17-->src\main\AndroidManifest.xml:10:5-11:38
18        android:name="android.permission.READ_EXTERNAL_STORAGE"
18-->src\main\AndroidManifest.xml:10:22-77
19        android:maxSdkVersion="32" />
19-->src\main\AndroidManifest.xml:11:9-35
20    <uses-permission android:name="android.permission.READ_MEDIA_IMAGES" />
20-->src\main\AndroidManifest.xml:12:5-76
20-->src\main\AndroidManifest.xml:12:22-73
21
22    <uses-feature
22-->src\main\AndroidManifest.xml:14:5-16:36
23        android:name="android.software.live_wallpaper"
23-->src\main\AndroidManifest.xml:15:9-55
24        android:required="false" />
24-->src\main\AndroidManifest.xml:16:9-33
25
26    <uses-permission android:name="com.google.android.gms.permission.AD_ID" />
26-->[com.google.android.gms:play-services-ads-lite:23.6.0] AndroidManifest.xml:26:5-79
26-->[com.google.android.gms:play-services-ads-lite:23.6.0] AndroidManifest.xml:26:22-76
27    <uses-permission android:name="android.permission.ACCESS_ADSERVICES_AD_ID" />
27-->[com.google.android.gms:play-services-ads-lite:23.6.0] AndroidManifest.xml:27:5-82
27-->[com.google.android.gms:play-services-ads-lite:23.6.0] AndroidManifest.xml:27:22-79
28    <uses-permission android:name="android.permission.ACCESS_ADSERVICES_ATTRIBUTION" />
28-->[com.google.android.gms:play-services-ads-lite:23.6.0] AndroidManifest.xml:28:5-88
28-->[com.google.android.gms:play-services-ads-lite:23.6.0] AndroidManifest.xml:28:22-85
29    <uses-permission android:name="android.permission.ACCESS_ADSERVICES_TOPICS" /> <!-- Android package visibility setting -->
29-->[com.google.android.gms:play-services-ads-lite:23.6.0] AndroidManifest.xml:29:5-83
29-->[com.google.android.gms:play-services-ads-lite:23.6.0] AndroidManifest.xml:29:22-80
30    <queries>
30-->[com.google.android.gms:play-services-ads-lite:23.6.0] AndroidManifest.xml:35:5-68:15
31
32        <!-- For browser content -->
33        <intent>
33-->[com.google.android.gms:play-services-ads-lite:23.6.0] AndroidManifest.xml:38:9-44:18
34            <action android:name="android.intent.action.VIEW" />
34-->[com.google.android.gms:play-services-ads-lite:23.6.0] AndroidManifest.xml:39:13-65
34-->[com.google.android.gms:play-services-ads-lite:23.6.0] AndroidManifest.xml:39:21-62
35
36            <category android:name="android.intent.category.BROWSABLE" />
36-->[com.google.android.gms:play-services-ads-lite:23.6.0] AndroidManifest.xml:41:13-74
36-->[com.google.android.gms:play-services-ads-lite:23.6.0] AndroidManifest.xml:41:23-71
37
38            <data android:scheme="https" />
38-->[com.google.android.gms:play-services-ads-lite:23.6.0] AndroidManifest.xml:43:13-44
38-->[com.google.android.gms:play-services-ads-lite:23.6.0] AndroidManifest.xml:43:19-41
39        </intent>
40        <!-- End of browser content -->
41        <!-- For CustomTabsService -->
42        <intent>
42-->[com.google.android.gms:play-services-ads-lite:23.6.0] AndroidManifest.xml:47:9-49:18
43            <action android:name="android.support.customtabs.action.CustomTabsService" />
43-->[com.google.android.gms:play-services-ads-lite:23.6.0] AndroidManifest.xml:48:13-90
43-->[com.google.android.gms:play-services-ads-lite:23.6.0] AndroidManifest.xml:48:21-87
44        </intent>
45        <!-- End of CustomTabsService -->
46        <!-- For MRAID capabilities -->
47        <intent>
47-->[com.google.android.gms:play-services-ads-lite:23.6.0] AndroidManifest.xml:52:9-56:18
48            <action android:name="android.intent.action.INSERT" />
48-->[com.google.android.gms:play-services-ads-lite:23.6.0] AndroidManifest.xml:53:13-67
48-->[com.google.android.gms:play-services-ads-lite:23.6.0] AndroidManifest.xml:53:21-64
49
50            <data android:mimeType="vnd.android.cursor.dir/event" />
50-->[com.google.android.gms:play-services-ads-lite:23.6.0] AndroidManifest.xml:43:13-44
51        </intent>
52        <intent>
52-->[com.google.android.gms:play-services-ads-lite:23.6.0] AndroidManifest.xml:57:9-61:18
53            <action android:name="android.intent.action.VIEW" />
53-->[com.google.android.gms:play-services-ads-lite:23.6.0] AndroidManifest.xml:39:13-65
53-->[com.google.android.gms:play-services-ads-lite:23.6.0] AndroidManifest.xml:39:21-62
54
55            <data android:scheme="sms" />
55-->[com.google.android.gms:play-services-ads-lite:23.6.0] AndroidManifest.xml:43:13-44
55-->[com.google.android.gms:play-services-ads-lite:23.6.0] AndroidManifest.xml:43:19-41
56        </intent>
57        <intent>
57-->[com.google.android.gms:play-services-ads-lite:23.6.0] AndroidManifest.xml:62:9-66:18
58            <action android:name="android.intent.action.DIAL" />
58-->[com.google.android.gms:play-services-ads-lite:23.6.0] AndroidManifest.xml:63:13-65
58-->[com.google.android.gms:play-services-ads-lite:23.6.0] AndroidManifest.xml:63:21-62
59
60            <data android:path="tel:" />
60-->[com.google.android.gms:play-services-ads-lite:23.6.0] AndroidManifest.xml:43:13-44
61        </intent>
62        <!-- End of MRAID capabilities -->
63    </queries>
64
65    <uses-permission android:name="android.permission.WAKE_LOCK" />
65-->[com.google.android.gms:play-services-measurement:22.1.2] AndroidManifest.xml:25:5-68
65-->[com.google.android.gms:play-services-measurement:22.1.2] AndroidManifest.xml:25:22-65
66    <uses-permission android:name="com.google.android.finsky.permission.BIND_GET_INSTALL_REFERRER_SERVICE" />
66-->[com.google.android.gms:play-services-measurement:22.1.2] AndroidManifest.xml:26:5-110
66-->[com.google.android.gms:play-services-measurement:22.1.2] AndroidManifest.xml:26:22-107
67    <uses-permission android:name="android.permission.FOREGROUND_SERVICE" />
67-->[androidx.work:work-runtime:2.10.0] AndroidManifest.xml:26:5-77
67-->[androidx.work:work-runtime:2.10.0] AndroidManifest.xml:26:22-74
68
69    <permission
69-->[androidx.core:core:1.15.0] AndroidManifest.xml:22:5-24:47
70        android:name="com.rahul.clearwalls.DYNAMIC_RECEIVER_NOT_EXPORTED_PERMISSION"
70-->[androidx.core:core:1.15.0] AndroidManifest.xml:23:9-81
71        android:protectionLevel="signature" />
71-->[androidx.core:core:1.15.0] AndroidManifest.xml:24:9-44
72
73    <uses-permission android:name="com.rahul.clearwalls.DYNAMIC_RECEIVER_NOT_EXPORTED_PERMISSION" />
73-->[androidx.core:core:1.15.0] AndroidManifest.xml:26:5-97
73-->[androidx.core:core:1.15.0] AndroidManifest.xml:26:22-94
74
75    <application
75-->src\main\AndroidManifest.xml:18:5-82:19
76        android:name="com.rahul.clearwalls.ClearWallsApp"
76-->src\main\AndroidManifest.xml:19:9-38
77        android:allowBackup="true"
77-->src\main\AndroidManifest.xml:20:9-35
78        android:appComponentFactory="androidx.core.app.CoreComponentFactory"
78-->[androidx.core:core:1.15.0] AndroidManifest.xml:28:18-86
79        android:extractNativeLibs="false"
80        android:hardwareAccelerated="true"
80-->src\main\AndroidManifest.xml:27:9-43
81        android:icon="@mipmap/ic_launcher"
81-->src\main\AndroidManifest.xml:21:9-43
82        android:label="@string/app_name"
82-->src\main\AndroidManifest.xml:22:9-41
83        android:roundIcon="@mipmap/ic_launcher_round"
83-->src\main\AndroidManifest.xml:23:9-54
84        android:supportsRtl="true"
84-->src\main\AndroidManifest.xml:24:9-35
85        android:theme="@style/Theme.ClearWalls"
85-->src\main\AndroidManifest.xml:25:9-48
86        android:usesCleartextTraffic="false" >
86-->src\main\AndroidManifest.xml:26:9-45
87        <activity
87-->src\main\AndroidManifest.xml:29:9-38:20
88            android:name="com.rahul.clearwalls.presentation.MainActivity"
88-->src\main\AndroidManifest.xml:30:13-54
89            android:exported="true"
89-->src\main\AndroidManifest.xml:31:13-36
90            android:theme="@style/Theme.ClearWalls"
90-->src\main\AndroidManifest.xml:33:13-52
91            android:windowSoftInputMode="adjustResize" >
91-->src\main\AndroidManifest.xml:32:13-55
92            <intent-filter>
92-->src\main\AndroidManifest.xml:34:13-37:29
93                <action android:name="android.intent.action.MAIN" />
93-->src\main\AndroidManifest.xml:35:17-69
93-->src\main\AndroidManifest.xml:35:25-66
94
95                <category android:name="android.intent.category.LAUNCHER" />
95-->src\main\AndroidManifest.xml:36:17-77
95-->src\main\AndroidManifest.xml:36:27-74
96            </intent-filter>
97        </activity>
98
99        <service
99-->src\main\AndroidManifest.xml:40:9-51:19
100            android:name="com.rahul.clearwalls.service.ParallaxWallpaperService"
100-->src\main\AndroidManifest.xml:41:13-61
101            android:exported="true"
101-->src\main\AndroidManifest.xml:44:13-36
102            android:label="@string/live_wallpaper_name"
102-->src\main\AndroidManifest.xml:42:13-56
103            android:permission="android.permission.BIND_WALLPAPER" >
103-->src\main\AndroidManifest.xml:43:13-67
104            <intent-filter>
104-->src\main\AndroidManifest.xml:45:13-47:29
105                <action android:name="android.service.wallpaper.WallpaperService" />
105-->src\main\AndroidManifest.xml:46:17-85
105-->src\main\AndroidManifest.xml:46:25-82
106            </intent-filter>
107
108            <meta-data
108-->src\main\AndroidManifest.xml:48:13-50:53
109                android:name="android.service.wallpaper"
109-->src\main\AndroidManifest.xml:49:17-57
110                android:resource="@xml/wallpaper" />
110-->src\main\AndroidManifest.xml:50:17-50
111        </service>
112
113        <meta-data
114            android:name="com.google.android.gms.ads.APPLICATION_ID"
114-->src\main\AndroidManifest.xml:54:13-69
115            android:value="ca-app-pub-6988898499933953~6742917290" />
115-->src\main\AndroidManifest.xml:55:13-42
116        <meta-data
116-->src\main\AndroidManifest.xml:57:9-59:36
117            android:name="com.google.android.gms.ads.flag.OPTIMIZE_INITIALIZATION"
117-->src\main\AndroidManifest.xml:58:13-83
118            android:value="true" />
118-->src\main\AndroidManifest.xml:59:13-33
119        <meta-data
119-->src\main\AndroidManifest.xml:61:9-63:36
120            android:name="com.google.android.gms.ads.flag.OPTIMIZE_AD_LOADING"
120-->src\main\AndroidManifest.xml:62:13-79
121            android:value="true" />
121-->src\main\AndroidManifest.xml:63:13-33
122
123        <property
123-->src\main\AndroidManifest.xml:65:9-68:48
124            android:name="android.adservices.AD_SERVICES_CONFIG"
124-->src\main\AndroidManifest.xml:66:13-65
125            android:resource="@xml/gma_ad_services_config" />
125-->src\main\AndroidManifest.xml:67:13-59
126
127        <!-- Disable automatic WorkManager initialization since we implement Configuration.Provider -->
128        <provider
129            android:name="androidx.startup.InitializationProvider"
129-->src\main\AndroidManifest.xml:72:13-67
130            android:authorities="com.rahul.clearwalls.androidx-startup"
130-->src\main\AndroidManifest.xml:73:13-68
131            android:exported="false" >
131-->src\main\AndroidManifest.xml:74:13-37
132            <meta-data
132-->[androidx.emoji2:emoji2:1.3.0] AndroidManifest.xml:29:13-31:52
133                android:name="androidx.emoji2.text.EmojiCompatInitializer"
133-->[androidx.emoji2:emoji2:1.3.0] AndroidManifest.xml:30:17-75
134                android:value="androidx.startup" />
134-->[androidx.emoji2:emoji2:1.3.0] AndroidManifest.xml:31:17-49
135            <meta-data
135-->[androidx.lifecycle:lifecycle-process:2.8.7] AndroidManifest.xml:29:13-31:52
136                android:name="androidx.lifecycle.ProcessLifecycleInitializer"
136-->[androidx.lifecycle:lifecycle-process:2.8.7] AndroidManifest.xml:30:17-78
137                android:value="androidx.startup" />
137-->[androidx.lifecycle:lifecycle-process:2.8.7] AndroidManifest.xml:31:17-49
138            <meta-data
138-->[androidx.profileinstaller:profileinstaller:1.4.1] AndroidManifest.xml:29:13-31:52
139                android:name="androidx.profileinstaller.ProfileInstallerInitializer"
139-->[androidx.profileinstaller:profileinstaller:1.4.1] AndroidManifest.xml:30:17-85
140                android:value="androidx.startup" />
140-->[androidx.profileinstaller:profileinstaller:1.4.1] AndroidManifest.xml:31:17-49
141        </provider>
142
143        <!-- Include the AdActivity and InAppPurchaseActivity configChanges and themes. -->
144        <activity
144-->[com.google.android.gms:play-services-ads-lite:23.6.0] AndroidManifest.xml:73:9-78:43
145            android:name="com.google.android.gms.ads.AdActivity"
145-->[com.google.android.gms:play-services-ads-lite:23.6.0] AndroidManifest.xml:74:13-65
146            android:configChanges="keyboard|keyboardHidden|orientation|screenLayout|uiMode|screenSize|smallestScreenSize"
146-->[com.google.android.gms:play-services-ads-lite:23.6.0] AndroidManifest.xml:75:13-122
147            android:exported="false"
147-->[com.google.android.gms:play-services-ads-lite:23.6.0] AndroidManifest.xml:76:13-37
148            android:theme="@android:style/Theme.Translucent" />
148-->[com.google.android.gms:play-services-ads-lite:23.6.0] AndroidManifest.xml:77:13-61
149
150        <provider
150-->[com.google.android.gms:play-services-ads-lite:23.6.0] AndroidManifest.xml:80:9-85:43
151            android:name="com.google.android.gms.ads.MobileAdsInitProvider"
151-->[com.google.android.gms:play-services-ads-lite:23.6.0] AndroidManifest.xml:81:13-76
152            android:authorities="com.rahul.clearwalls.mobileadsinitprovider"
152-->[com.google.android.gms:play-services-ads-lite:23.6.0] AndroidManifest.xml:82:13-73
153            android:exported="false"
153-->[com.google.android.gms:play-services-ads-lite:23.6.0] AndroidManifest.xml:83:13-37
154            android:initOrder="100" />
154-->[com.google.android.gms:play-services-ads-lite:23.6.0] AndroidManifest.xml:84:13-36
155
156        <service
156-->[com.google.android.gms:play-services-ads-lite:23.6.0] AndroidManifest.xml:87:9-91:43
157            android:name="com.google.android.gms.ads.AdService"
157-->[com.google.android.gms:play-services-ads-lite:23.6.0] AndroidManifest.xml:88:13-64
158            android:enabled="true"
158-->[com.google.android.gms:play-services-ads-lite:23.6.0] AndroidManifest.xml:89:13-35
159            android:exported="false" />
159-->[com.google.android.gms:play-services-ads-lite:23.6.0] AndroidManifest.xml:90:13-37
160
161        <activity
161-->[com.google.android.gms:play-services-ads-lite:23.6.0] AndroidManifest.xml:93:9-97:43
162            android:name="com.google.android.gms.ads.OutOfContextTestingActivity"
162-->[com.google.android.gms:play-services-ads-lite:23.6.0] AndroidManifest.xml:94:13-82
163            android:configChanges="keyboard|keyboardHidden|orientation|screenLayout|uiMode|screenSize|smallestScreenSize"
163-->[com.google.android.gms:play-services-ads-lite:23.6.0] AndroidManifest.xml:95:13-122
164            android:exported="false" />
164-->[com.google.android.gms:play-services-ads-lite:23.6.0] AndroidManifest.xml:96:13-37
165        <activity
165-->[com.google.android.gms:play-services-ads-lite:23.6.0] AndroidManifest.xml:98:9-105:43
166            android:name="com.google.android.gms.ads.NotificationHandlerActivity"
166-->[com.google.android.gms:play-services-ads-lite:23.6.0] AndroidManifest.xml:99:13-82
167            android:excludeFromRecents="true"
167-->[com.google.android.gms:play-services-ads-lite:23.6.0] AndroidManifest.xml:100:13-46
168            android:exported="false"
168-->[com.google.android.gms:play-services-ads-lite:23.6.0] AndroidManifest.xml:101:13-37
169            android:launchMode="singleTask"
169-->[com.google.android.gms:play-services-ads-lite:23.6.0] AndroidManifest.xml:102:13-44
170            android:taskAffinity=""
170-->[com.google.android.gms:play-services-ads-lite:23.6.0] AndroidManifest.xml:103:13-36
171            android:theme="@android:style/Theme.Translucent.NoTitleBar" />
171-->[com.google.android.gms:play-services-ads-lite:23.6.0] AndroidManifest.xml:104:13-72
172
173        <service
173-->[com.google.firebase:firebase-analytics-ktx:22.1.2] AndroidManifest.xml:8:9-14:19
174            android:name="com.google.firebase.components.ComponentDiscoveryService"
174-->[com.google.firebase:firebase-analytics-ktx:22.1.2] AndroidManifest.xml:9:13-84
175            android:directBootAware="true"
175-->[com.google.firebase:firebase-common:21.0.0] AndroidManifest.xml:32:13-43
176            android:exported="false" >
176-->[com.google.firebase:firebase-analytics-ktx:22.1.2] AndroidManifest.xml:10:13-37
177            <meta-data
177-->[com.google.firebase:firebase-analytics-ktx:22.1.2] AndroidManifest.xml:11:13-13:85
178                android:name="com.google.firebase.components:com.google.firebase.analytics.ktx.FirebaseAnalyticsLegacyRegistrar"
178-->[com.google.firebase:firebase-analytics-ktx:22.1.2] AndroidManifest.xml:12:17-129
179                android:value="com.google.firebase.components.ComponentRegistrar" />
179-->[com.google.firebase:firebase-analytics-ktx:22.1.2] AndroidManifest.xml:13:17-82
180            <meta-data
180-->[com.google.android.gms:play-services-measurement-api:22.1.2] AndroidManifest.xml:37:13-39:85
181                android:name="com.google.firebase.components:com.google.firebase.analytics.connector.internal.AnalyticsConnectorRegistrar"
181-->[com.google.android.gms:play-services-measurement-api:22.1.2] AndroidManifest.xml:38:17-139
182                android:value="com.google.firebase.components.ComponentRegistrar" />
182-->[com.google.android.gms:play-services-measurement-api:22.1.2] AndroidManifest.xml:39:17-82
183            <meta-data
183-->[com.google.firebase:firebase-storage-ktx:21.0.1] AndroidManifest.xml:12:13-14:85
184                android:name="com.google.firebase.components:com.google.firebase.storage.ktx.FirebaseStorageLegacyRegistrar"
184-->[com.google.firebase:firebase-storage-ktx:21.0.1] AndroidManifest.xml:13:17-125
185                android:value="com.google.firebase.components.ComponentRegistrar" />
185-->[com.google.firebase:firebase-storage-ktx:21.0.1] AndroidManifest.xml:14:17-82
186            <meta-data
186-->[com.google.firebase:firebase-storage:21.0.1] AndroidManifest.xml:30:13-32:85
187                android:name="com.google.firebase.components:com.google.firebase.storage.FirebaseStorageKtxRegistrar"
187-->[com.google.firebase:firebase-storage:21.0.1] AndroidManifest.xml:31:17-118
188                android:value="com.google.firebase.components.ComponentRegistrar" />
188-->[com.google.firebase:firebase-storage:21.0.1] AndroidManifest.xml:32:17-82
189            <meta-data
189-->[com.google.firebase:firebase-storage:21.0.1] AndroidManifest.xml:33:13-35:85
190                android:name="com.google.firebase.components:com.google.firebase.storage.StorageRegistrar"
190-->[com.google.firebase:firebase-storage:21.0.1] AndroidManifest.xml:34:17-107
191                android:value="com.google.firebase.components.ComponentRegistrar" />
191-->[com.google.firebase:firebase-storage:21.0.1] AndroidManifest.xml:35:17-82
192            <meta-data
192-->[com.google.firebase:firebase-config-ktx:22.0.1] AndroidManifest.xml:12:13-14:85
193                android:name="com.google.firebase.components:com.google.firebase.remoteconfig.ktx.FirebaseConfigLegacyRegistrar"
193-->[com.google.firebase:firebase-config-ktx:22.0.1] AndroidManifest.xml:13:17-129
194                android:value="com.google.firebase.components.ComponentRegistrar" />
194-->[com.google.firebase:firebase-config-ktx:22.0.1] AndroidManifest.xml:14:17-82
195            <meta-data
195-->[com.google.firebase:firebase-crashlytics-ktx:19.3.0] AndroidManifest.xml:24:13-26:85
196                android:name="com.google.firebase.components:com.google.firebase.crashlytics.ktx.FirebaseCrashlyticsKtxRegistrar"
196-->[com.google.firebase:firebase-crashlytics-ktx:19.3.0] AndroidManifest.xml:25:17-130
197                android:value="com.google.firebase.components.ComponentRegistrar" />
197-->[com.google.firebase:firebase-crashlytics-ktx:19.3.0] AndroidManifest.xml:26:17-82
198            <meta-data
198-->[com.google.firebase:firebase-firestore-ktx:25.1.1] AndroidManifest.xml:12:13-14:85
199                android:name="com.google.firebase.components:com.google.firebase.firestore.ktx.FirebaseFirestoreLegacyRegistrar"
199-->[com.google.firebase:firebase-firestore-ktx:25.1.1] AndroidManifest.xml:13:17-129
200                android:value="com.google.firebase.components.ComponentRegistrar" />
200-->[com.google.firebase:firebase-firestore-ktx:25.1.1] AndroidManifest.xml:14:17-82
201            <meta-data
201-->[com.google.firebase:firebase-config:22.0.1] AndroidManifest.xml:29:13-31:85
202                android:name="com.google.firebase.components:com.google.firebase.remoteconfig.FirebaseRemoteConfigKtxRegistrar"
202-->[com.google.firebase:firebase-config:22.0.1] AndroidManifest.xml:30:17-128
203                android:value="com.google.firebase.components.ComponentRegistrar" />
203-->[com.google.firebase:firebase-config:22.0.1] AndroidManifest.xml:31:17-82
204            <meta-data
204-->[com.google.firebase:firebase-config:22.0.1] AndroidManifest.xml:32:13-34:85
205                android:name="com.google.firebase.components:com.google.firebase.remoteconfig.RemoteConfigRegistrar"
205-->[com.google.firebase:firebase-config:22.0.1] AndroidManifest.xml:33:17-117
206                android:value="com.google.firebase.components.ComponentRegistrar" />
206-->[com.google.firebase:firebase-config:22.0.1] AndroidManifest.xml:34:17-82
207            <meta-data
207-->[com.google.firebase:firebase-crashlytics:19.3.0] AndroidManifest.xml:15:13-17:85
208                android:name="com.google.firebase.components:com.google.firebase.crashlytics.FirebaseCrashlyticsKtxRegistrar"
208-->[com.google.firebase:firebase-crashlytics:19.3.0] AndroidManifest.xml:16:17-126
209                android:value="com.google.firebase.components.ComponentRegistrar" />
209-->[com.google.firebase:firebase-crashlytics:19.3.0] AndroidManifest.xml:17:17-82
210            <meta-data
210-->[com.google.firebase:firebase-crashlytics:19.3.0] AndroidManifest.xml:18:13-20:85
211                android:name="com.google.firebase.components:com.google.firebase.crashlytics.CrashlyticsRegistrar"
211-->[com.google.firebase:firebase-crashlytics:19.3.0] AndroidManifest.xml:19:17-115
212                android:value="com.google.firebase.components.ComponentRegistrar" />
212-->[com.google.firebase:firebase-crashlytics:19.3.0] AndroidManifest.xml:20:17-82
213            <meta-data
213-->[com.google.firebase:firebase-sessions:2.0.7] AndroidManifest.xml:29:13-31:85
214                android:name="com.google.firebase.components:com.google.firebase.sessions.FirebaseSessionsRegistrar"
214-->[com.google.firebase:firebase-sessions:2.0.7] AndroidManifest.xml:30:17-117
215                android:value="com.google.firebase.components.ComponentRegistrar" />
215-->[com.google.firebase:firebase-sessions:2.0.7] AndroidManifest.xml:31:17-82
216            <meta-data
216-->[com.google.firebase:firebase-installations:18.0.0] AndroidManifest.xml:15:13-17:85
217                android:name="com.google.firebase.components:com.google.firebase.installations.FirebaseInstallationsKtxRegistrar"
217-->[com.google.firebase:firebase-installations:18.0.0] AndroidManifest.xml:16:17-130
218                android:value="com.google.firebase.components.ComponentRegistrar" />
218-->[com.google.firebase:firebase-installations:18.0.0] AndroidManifest.xml:17:17-82
219            <meta-data
219-->[com.google.firebase:firebase-installations:18.0.0] AndroidManifest.xml:18:13-20:85
220                android:name="com.google.firebase.components:com.google.firebase.installations.FirebaseInstallationsRegistrar"
220-->[com.google.firebase:firebase-installations:18.0.0] AndroidManifest.xml:19:17-127
221                android:value="com.google.firebase.components.ComponentRegistrar" />
221-->[com.google.firebase:firebase-installations:18.0.0] AndroidManifest.xml:20:17-82
222            <meta-data
222-->[com.google.firebase:firebase-firestore:25.1.1] AndroidManifest.xml:17:13-19:85
223                android:name="com.google.firebase.components:com.google.firebase.firestore.FirebaseFirestoreKtxRegistrar"
223-->[com.google.firebase:firebase-firestore:25.1.1] AndroidManifest.xml:18:17-122
224                android:value="com.google.firebase.components.ComponentRegistrar" />
224-->[com.google.firebase:firebase-firestore:25.1.1] AndroidManifest.xml:19:17-82
225            <meta-data
225-->[com.google.firebase:firebase-firestore:25.1.1] AndroidManifest.xml:20:13-22:85
226                android:name="com.google.firebase.components:com.google.firebase.firestore.FirestoreRegistrar"
226-->[com.google.firebase:firebase-firestore:25.1.1] AndroidManifest.xml:21:17-111
227                android:value="com.google.firebase.components.ComponentRegistrar" />
227-->[com.google.firebase:firebase-firestore:25.1.1] AndroidManifest.xml:22:17-82
228            <meta-data
228-->[com.google.firebase:firebase-appcheck:18.0.0] AndroidManifest.xml:25:13-27:85
229                android:name="com.google.firebase.components:com.google.firebase.appcheck.FirebaseAppCheckKtxRegistrar"
229-->[com.google.firebase:firebase-appcheck:18.0.0] AndroidManifest.xml:26:17-120
230                android:value="com.google.firebase.components.ComponentRegistrar" />
230-->[com.google.firebase:firebase-appcheck:18.0.0] AndroidManifest.xml:27:17-82
231            <meta-data
231-->[com.google.firebase:firebase-appcheck:18.0.0] AndroidManifest.xml:28:13-30:85
232                android:name="com.google.firebase.components:com.google.firebase.appcheck.FirebaseAppCheckRegistrar"
232-->[com.google.firebase:firebase-appcheck:18.0.0] AndroidManifest.xml:29:17-117
233                android:value="com.google.firebase.components.ComponentRegistrar" />
233-->[com.google.firebase:firebase-appcheck:18.0.0] AndroidManifest.xml:30:17-82
234            <meta-data
234-->[com.google.firebase:firebase-common-ktx:21.0.0] AndroidManifest.xml:12:13-14:85
235                android:name="com.google.firebase.components:com.google.firebase.ktx.FirebaseCommonLegacyRegistrar"
235-->[com.google.firebase:firebase-common-ktx:21.0.0] AndroidManifest.xml:13:17-116
236                android:value="com.google.firebase.components.ComponentRegistrar" />
236-->[com.google.firebase:firebase-common-ktx:21.0.0] AndroidManifest.xml:14:17-82
237            <meta-data
237-->[com.google.firebase:firebase-common:21.0.0] AndroidManifest.xml:35:13-37:85
238                android:name="com.google.firebase.components:com.google.firebase.FirebaseCommonKtxRegistrar"
238-->[com.google.firebase:firebase-common:21.0.0] AndroidManifest.xml:36:17-109
239                android:value="com.google.firebase.components.ComponentRegistrar" />
239-->[com.google.firebase:firebase-common:21.0.0] AndroidManifest.xml:37:17-82
240            <meta-data
240-->[com.google.firebase:firebase-abt:21.1.1] AndroidManifest.xml:12:13-14:85
241                android:name="com.google.firebase.components:com.google.firebase.abt.component.AbtRegistrar"
241-->[com.google.firebase:firebase-abt:21.1.1] AndroidManifest.xml:13:17-109
242                android:value="com.google.firebase.components.ComponentRegistrar" />
242-->[com.google.firebase:firebase-abt:21.1.1] AndroidManifest.xml:14:17-82
243            <meta-data
243-->[com.google.firebase:firebase-datatransport:19.0.0] AndroidManifest.xml:25:13-27:85
244                android:name="com.google.firebase.components:com.google.firebase.datatransport.TransportRegistrar"
244-->[com.google.firebase:firebase-datatransport:19.0.0] AndroidManifest.xml:26:17-115
245                android:value="com.google.firebase.components.ComponentRegistrar" />
245-->[com.google.firebase:firebase-datatransport:19.0.0] AndroidManifest.xml:27:17-82
246        </service>
247
248        <receiver
248-->[com.google.android.gms:play-services-measurement:22.1.2] AndroidManifest.xml:29:9-33:20
249            android:name="com.google.android.gms.measurement.AppMeasurementReceiver"
249-->[com.google.android.gms:play-services-measurement:22.1.2] AndroidManifest.xml:30:13-85
250            android:enabled="true"
250-->[com.google.android.gms:play-services-measurement:22.1.2] AndroidManifest.xml:31:13-35
251            android:exported="false" >
251-->[com.google.android.gms:play-services-measurement:22.1.2] AndroidManifest.xml:32:13-37
252        </receiver>
253
254        <service
254-->[com.google.android.gms:play-services-measurement:22.1.2] AndroidManifest.xml:35:9-38:40
255            android:name="com.google.android.gms.measurement.AppMeasurementService"
255-->[com.google.android.gms:play-services-measurement:22.1.2] AndroidManifest.xml:36:13-84
256            android:enabled="true"
256-->[com.google.android.gms:play-services-measurement:22.1.2] AndroidManifest.xml:37:13-35